<?xml version="1.0" encoding="UTF-8"?>
<!-- Generated by org.testng.reporters.JUnitReportReporter -->
<testsuite hostname="IRAJ" failures="0" tests="3" name="testcases.TestMethods" time="18.389" errors="0" timestamp="2023-04-02T09:52:58 IST" skipped="0">
  <testcase classname="testcases.TestMethods" name="SearchOperation" time="7.654"/>
  <system-out/>
  <testcase classname="testcases.TestMethods" name="Verify_Access_Fb" time="4.835"/>
  <system-out/>
  <testcase classname="testcases.TestMethods" name="VarifyLogin" time="5.900"/>
  <system-out/>
</testsuite> <!-- testcases.TestMethods -->
